<?xml version="1.0" encoding="UTF-8"?>
<testsuite xmlns:xsi="http://www.w3.org/2001/XMLSchema-instance" xsi:noNamespaceSchemaLocation="https://maven.apache.org/surefire/maven-surefire-plugin/xsd/surefire-test-report-3.0.xsd" version="3.0" name="com.spring.data.jpa.StudentRepositoryTest" time="0.504" tests="10" errors="2" skipped="0" failures="0">
  <properties>
    <property name="java.specification.version" value="17"/>
    <property name="sun.jnu.encoding" value="UTF-8"/>
    <property name="java.class.path" value="/Users/jivnesh/Desktop/Java/spring-data-jpa/target/test-classes:/Users/jivnesh/Desktop/Java/spring-data-jpa/target/classes:/Users/jivnesh/.m2/repository/org/springframework/boot/spring-boot-starter-data-jpa/3.3.0-M1/spring-boot-starter-data-jpa-3.3.0-M1.jar:/Users/jivnesh/.m2/repository/org/springframework/boot/spring-boot-starter-aop/3.3.0-M1/spring-boot-starter-aop-3.3.0-M1.jar:/Users/jivnesh/.m2/repository/org/springframework/spring-aop/6.1.3/spring-aop-6.1.3.jar:/Users/jivnesh/.m2/repository/org/aspectj/aspectjweaver/1.9.21/aspectjweaver-1.9.21.jar:/Users/jivnesh/.m2/repository/org/springframework/boot/spring-boot-starter-jdbc/3.3.0-M1/spring-boot-starter-jdbc-3.3.0-M1.jar:/Users/jivnesh/.m2/repository/com/zaxxer/HikariCP/5.1.0/HikariCP-5.1.0.jar:/Users/jivnesh/.m2/repository/org/springframework/spring-jdbc/6.1.3/spring-jdbc-6.1.3.jar:/Users/jivnesh/.m2/repository/org/hibernate/orm/hibernate-core/6.4.1.Final/hibernate-core-6.4.1.Final.jar:/Users/jivnesh/.m2/repository/jakarta/persistence/jakarta.persistence-api/3.1.0/jakarta.persistence-api-3.1.0.jar:/Users/jivnesh/.m2/repository/jakarta/transaction/jakarta.transaction-api/2.0.1/jakarta.transaction-api-2.0.1.jar:/Users/jivnesh/.m2/repository/org/jboss/logging/jboss-logging/3.5.3.Final/jboss-logging-3.5.3.Final.jar:/Users/jivnesh/.m2/repository/org/hibernate/common/hibernate-commons-annotations/6.0.6.Final/hibernate-commons-annotations-6.0.6.Final.jar:/Users/jivnesh/.m2/repository/io/smallrye/jandex/3.1.2/jandex-3.1.2.jar:/Users/jivnesh/.m2/repository/com/fasterxml/classmate/1.7.0/classmate-1.7.0.jar:/Users/jivnesh/.m2/repository/net/bytebuddy/byte-buddy/1.14.11/byte-buddy-1.14.11.jar:/Users/jivnesh/.m2/repository/org/glassfish/jaxb/jaxb-runtime/4.0.4/jaxb-runtime-4.0.4.jar:/Users/jivnesh/.m2/repository/org/glassfish/jaxb/jaxb-core/4.0.4/jaxb-core-4.0.4.jar:/Users/jivnesh/.m2/repository/org/eclipse/angus/angus-activation/2.0.1/angus-activation-2.0.1.jar:/Users/jivnesh/.m2/repository/org/glassfish/jaxb/txw2/4.0.4/txw2-4.0.4.jar:/Users/jivnesh/.m2/repository/com/sun/istack/istack-commons-runtime/4.1.2/istack-commons-runtime-4.1.2.jar:/Users/jivnesh/.m2/repository/jakarta/inject/jakarta.inject-api/2.0.1/jakarta.inject-api-2.0.1.jar:/Users/jivnesh/.m2/repository/org/antlr/antlr4-runtime/4.13.0/antlr4-runtime-4.13.0.jar:/Users/jivnesh/.m2/repository/org/springframework/data/spring-data-jpa/3.2.2/spring-data-jpa-3.2.2.jar:/Users/jivnesh/.m2/repository/org/springframework/data/spring-data-commons/3.2.2/spring-data-commons-3.2.2.jar:/Users/jivnesh/.m2/repository/org/springframework/spring-orm/6.1.3/spring-orm-6.1.3.jar:/Users/jivnesh/.m2/repository/org/springframework/spring-context/6.1.3/spring-context-6.1.3.jar:/Users/jivnesh/.m2/repository/org/springframework/spring-tx/6.1.3/spring-tx-6.1.3.jar:/Users/jivnesh/.m2/repository/org/springframework/spring-beans/6.1.3/spring-beans-6.1.3.jar:/Users/jivnesh/.m2/repository/jakarta/annotation/jakarta.annotation-api/2.1.1/jakarta.annotation-api-2.1.1.jar:/Users/jivnesh/.m2/repository/org/slf4j/slf4j-api/2.0.11/slf4j-api-2.0.11.jar:/Users/jivnesh/.m2/repository/org/springframework/spring-aspects/6.1.3/spring-aspects-6.1.3.jar:/Users/jivnesh/.m2/repository/org/springframework/boot/spring-boot-starter-web/3.3.0-M1/spring-boot-starter-web-3.3.0-M1.jar:/Users/jivnesh/.m2/repository/org/springframework/boot/spring-boot-starter/3.3.0-M1/spring-boot-starter-3.3.0-M1.jar:/Users/jivnesh/.m2/repository/org/springframework/boot/spring-boot/3.3.0-M1/spring-boot-3.3.0-M1.jar:/Users/jivnesh/.m2/repository/org/springframework/boot/spring-boot-autoconfigure/3.3.0-M1/spring-boot-autoconfigure-3.3.0-M1.jar:/Users/jivnesh/.m2/repository/org/springframework/boot/spring-boot-starter-logging/3.3.0-M1/spring-boot-starter-logging-3.3.0-M1.jar:/Users/jivnesh/.m2/repository/ch/qos/logback/logback-classic/1.4.14/logback-classic-1.4.14.jar:/Users/jivnesh/.m2/repository/ch/qos/logback/logback-core/1.4.14/logback-core-1.4.14.jar:/Users/jivnesh/.m2/repository/org/apache/logging/log4j/log4j-to-slf4j/2.22.1/log4j-to-slf4j-2.22.1.jar:/Users/jivnesh/.m2/repository/org/apache/logging/log4j/log4j-api/2.22.1/log4j-api-2.22.1.jar:/Users/jivnesh/.m2/repository/org/slf4j/jul-to-slf4j/2.0.11/jul-to-slf4j-2.0.11.jar:/Users/jivnesh/.m2/repository/org/yaml/snakeyaml/2.2/snakeyaml-2.2.jar:/Users/jivnesh/.m2/repository/org/springframework/boot/spring-boot-starter-json/3.3.0-M1/spring-boot-starter-json-3.3.0-M1.jar:/Users/jivnesh/.m2/repository/com/fasterxml/jackson/core/jackson-databind/2.16.1/jackson-databind-2.16.1.jar:/Users/jivnesh/.m2/repository/com/fasterxml/jackson/core/jackson-annotations/2.16.1/jackson-annotations-2.16.1.jar:/Users/jivnesh/.m2/repository/com/fasterxml/jackson/core/jackson-core/2.16.1/jackson-core-2.16.1.jar:/Users/jivnesh/.m2/repository/com/fasterxml/jackson/datatype/jackson-datatype-jdk8/2.16.1/jackson-datatype-jdk8-2.16.1.jar:/Users/jivnesh/.m2/repository/com/fasterxml/jackson/datatype/jackson-datatype-jsr310/2.16.1/jackson-datatype-jsr310-2.16.1.jar:/Users/jivnesh/.m2/repository/com/fasterxml/jackson/module/jackson-module-parameter-names/2.16.1/jackson-module-parameter-names-2.16.1.jar:/Users/jivnesh/.m2/repository/org/springframework/boot/spring-boot-starter-tomcat/3.3.0-M1/spring-boot-starter-tomcat-3.3.0-M1.jar:/Users/jivnesh/.m2/repository/org/apache/tomcat/embed/tomcat-embed-core/10.1.18/tomcat-embed-core-10.1.18.jar:/Users/jivnesh/.m2/repository/org/apache/tomcat/embed/tomcat-embed-el/10.1.18/tomcat-embed-el-10.1.18.jar:/Users/jivnesh/.m2/repository/org/apache/tomcat/embed/tomcat-embed-websocket/10.1.18/tomcat-embed-websocket-10.1.18.jar:/Users/jivnesh/.m2/repository/org/springframework/spring-web/6.1.3/spring-web-6.1.3.jar:/Users/jivnesh/.m2/repository/io/micrometer/micrometer-observation/1.12.2/micrometer-observation-1.12.2.jar:/Users/jivnesh/.m2/repository/io/micrometer/micrometer-commons/1.12.2/micrometer-commons-1.12.2.jar:/Users/jivnesh/.m2/repository/org/springframework/spring-webmvc/6.1.3/spring-webmvc-6.1.3.jar:/Users/jivnesh/.m2/repository/org/springframework/spring-expression/6.1.3/spring-expression-6.1.3.jar:/Users/jivnesh/.m2/repository/com/mysql/mysql-connector-j/8.3.0/mysql-connector-j-8.3.0.jar:/Users/jivnesh/.m2/repository/org/projectlombok/lombok/1.18.30/lombok-1.18.30.jar:/Users/jivnesh/.m2/repository/org/springframework/boot/spring-boot-starter-test/3.3.0-M1/spring-boot-starter-test-3.3.0-M1.jar:/Users/jivnesh/.m2/repository/org/springframework/boot/spring-boot-test/3.3.0-M1/spring-boot-test-3.3.0-M1.jar:/Users/jivnesh/.m2/repository/org/springframework/boot/spring-boot-test-autoconfigure/3.3.0-M1/spring-boot-test-autoconfigure-3.3.0-M1.jar:/Users/jivnesh/.m2/repository/com/jayway/jsonpath/json-path/2.8.0/json-path-2.8.0.jar:/Users/jivnesh/.m2/repository/jakarta/xml/bind/jakarta.xml.bind-api/4.0.1/jakarta.xml.bind-api-4.0.1.jar:/Users/jivnesh/.m2/repository/jakarta/activation/jakarta.activation-api/2.1.2/jakarta.activation-api-2.1.2.jar:/Users/jivnesh/.m2/repository/net/minidev/json-smart/2.5.0/json-smart-2.5.0.jar:/Users/jivnesh/.m2/repository/net/minidev/accessors-smart/2.5.0/accessors-smart-2.5.0.jar:/Users/jivnesh/.m2/repository/org/ow2/asm/asm/9.3/asm-9.3.jar:/Users/jivnesh/.m2/repository/org/assertj/assertj-core/3.25.1/assertj-core-3.25.1.jar:/Users/jivnesh/.m2/repository/org/awaitility/awaitility/4.2.0/awaitility-4.2.0.jar:/Users/jivnesh/.m2/repository/org/hamcrest/hamcrest/2.2/hamcrest-2.2.jar:/Users/jivnesh/.m2/repository/org/junit/jupiter/junit-jupiter/5.10.1/junit-jupiter-5.10.1.jar:/Users/jivnesh/.m2/repository/org/junit/jupiter/junit-jupiter-api/5.10.1/junit-jupiter-api-5.10.1.jar:/Users/jivnesh/.m2/repository/org/opentest4j/opentest4j/1.3.0/opentest4j-1.3.0.jar:/Users/jivnesh/.m2/repository/org/junit/platform/junit-platform-commons/1.10.1/junit-platform-commons-1.10.1.jar:/Users/jivnesh/.m2/repository/org/apiguardian/apiguardian-api/1.1.2/apiguardian-api-1.1.2.jar:/Users/jivnesh/.m2/repository/org/junit/jupiter/junit-jupiter-params/5.10.1/junit-jupiter-params-5.10.1.jar:/Users/jivnesh/.m2/repository/org/junit/jupiter/junit-jupiter-engine/5.10.1/junit-jupiter-engine-5.10.1.jar:/Users/jivnesh/.m2/repository/org/junit/platform/junit-platform-engine/1.10.1/junit-platform-engine-1.10.1.jar:/Users/jivnesh/.m2/repository/org/mockito/mockito-core/5.9.0/mockito-core-5.9.0.jar:/Users/jivnesh/.m2/repository/net/bytebuddy/byte-buddy-agent/1.14.11/byte-buddy-agent-1.14.11.jar:/Users/jivnesh/.m2/repository/org/objenesis/objenesis/3.3/objenesis-3.3.jar:/Users/jivnesh/.m2/repository/org/mockito/mockito-junit-jupiter/5.9.0/mockito-junit-jupiter-5.9.0.jar:/Users/jivnesh/.m2/repository/org/skyscreamer/jsonassert/1.5.1/jsonassert-1.5.1.jar:/Users/jivnesh/.m2/repository/com/vaadin/external/google/android-json/0.0.20131108.vaadin1/android-json-0.0.20131108.vaadin1.jar:/Users/jivnesh/.m2/repository/org/springframework/spring-core/6.1.3/spring-core-6.1.3.jar:/Users/jivnesh/.m2/repository/org/springframework/spring-jcl/6.1.3/spring-jcl-6.1.3.jar:/Users/jivnesh/.m2/repository/org/springframework/spring-test/6.1.3/spring-test-6.1.3.jar:/Users/jivnesh/.m2/repository/org/xmlunit/xmlunit-core/2.9.1/xmlunit-core-2.9.1.jar:"/>
    <property name="java.vm.vendor" value="Eclipse Adoptium"/>
    <property name="sun.arch.data.model" value="64"/>
    <property name="java.vendor.url" value="https://adoptium.net/"/>
    <property name="user.timezone" value="Asia/Kolkata"/>
    <property name="org.jboss.logging.provider" value="slf4j"/>
    <property name="os.name" value="Mac OS X"/>
    <property name="java.vm.specification.version" value="17"/>
    <property name="sun.java.launcher" value="SUN_STANDARD"/>
    <property name="user.country" value="GB"/>
    <property name="sun.boot.library.path" value="/Applications/SpringToolSuite4.app/Contents/Eclipse/plugins/org.eclipse.justj.openjdk.hotspot.jre.full.macosx.x86_64_17.0.6.v20230204-1729/jre/lib"/>
    <property name="sun.java.command" value="/Users/jivnesh/Desktop/Java/spring-data-jpa/target/surefire/surefirebooter-20240302205407894_3.jar /Users/jivnesh/Desktop/Java/spring-data-jpa/target/surefire 2024-03-02T20-54-07_703-jvmRun1 surefire-20240302205407894_1tmp surefire_0-20240302205407894_2tmp"/>
    <property name="http.nonProxyHosts" value="local|*.local|169.254/16|*.169.254/16"/>
    <property name="jdk.debug" value="release"/>
    <property name="surefire.test.class.path" value="/Users/jivnesh/Desktop/Java/spring-data-jpa/target/test-classes:/Users/jivnesh/Desktop/Java/spring-data-jpa/target/classes:/Users/jivnesh/.m2/repository/org/springframework/boot/spring-boot-starter-data-jpa/3.3.0-M1/spring-boot-starter-data-jpa-3.3.0-M1.jar:/Users/jivnesh/.m2/repository/org/springframework/boot/spring-boot-starter-aop/3.3.0-M1/spring-boot-starter-aop-3.3.0-M1.jar:/Users/jivnesh/.m2/repository/org/springframework/spring-aop/6.1.3/spring-aop-6.1.3.jar:/Users/jivnesh/.m2/repository/org/aspectj/aspectjweaver/1.9.21/aspectjweaver-1.9.21.jar:/Users/jivnesh/.m2/repository/org/springframework/boot/spring-boot-starter-jdbc/3.3.0-M1/spring-boot-starter-jdbc-3.3.0-M1.jar:/Users/jivnesh/.m2/repository/com/zaxxer/HikariCP/5.1.0/HikariCP-5.1.0.jar:/Users/jivnesh/.m2/repository/org/springframework/spring-jdbc/6.1.3/spring-jdbc-6.1.3.jar:/Users/jivnesh/.m2/repository/org/hibernate/orm/hibernate-core/6.4.1.Final/hibernate-core-6.4.1.Final.jar:/Users/jivnesh/.m2/repository/jakarta/persistence/jakarta.persistence-api/3.1.0/jakarta.persistence-api-3.1.0.jar:/Users/jivnesh/.m2/repository/jakarta/transaction/jakarta.transaction-api/2.0.1/jakarta.transaction-api-2.0.1.jar:/Users/jivnesh/.m2/repository/org/jboss/logging/jboss-logging/3.5.3.Final/jboss-logging-3.5.3.Final.jar:/Users/jivnesh/.m2/repository/org/hibernate/common/hibernate-commons-annotations/6.0.6.Final/hibernate-commons-annotations-6.0.6.Final.jar:/Users/jivnesh/.m2/repository/io/smallrye/jandex/3.1.2/jandex-3.1.2.jar:/Users/jivnesh/.m2/repository/com/fasterxml/classmate/1.7.0/classmate-1.7.0.jar:/Users/jivnesh/.m2/repository/net/bytebuddy/byte-buddy/1.14.11/byte-buddy-1.14.11.jar:/Users/jivnesh/.m2/repository/org/glassfish/jaxb/jaxb-runtime/4.0.4/jaxb-runtime-4.0.4.jar:/Users/jivnesh/.m2/repository/org/glassfish/jaxb/jaxb-core/4.0.4/jaxb-core-4.0.4.jar:/Users/jivnesh/.m2/repository/org/eclipse/angus/angus-activation/2.0.1/angus-activation-2.0.1.jar:/Users/jivnesh/.m2/repository/org/glassfish/jaxb/txw2/4.0.4/txw2-4.0.4.jar:/Users/jivnesh/.m2/repository/com/sun/istack/istack-commons-runtime/4.1.2/istack-commons-runtime-4.1.2.jar:/Users/jivnesh/.m2/repository/jakarta/inject/jakarta.inject-api/2.0.1/jakarta.inject-api-2.0.1.jar:/Users/jivnesh/.m2/repository/org/antlr/antlr4-runtime/4.13.0/antlr4-runtime-4.13.0.jar:/Users/jivnesh/.m2/repository/org/springframework/data/spring-data-jpa/3.2.2/spring-data-jpa-3.2.2.jar:/Users/jivnesh/.m2/repository/org/springframework/data/spring-data-commons/3.2.2/spring-data-commons-3.2.2.jar:/Users/jivnesh/.m2/repository/org/springframework/spring-orm/6.1.3/spring-orm-6.1.3.jar:/Users/jivnesh/.m2/repository/org/springframework/spring-context/6.1.3/spring-context-6.1.3.jar:/Users/jivnesh/.m2/repository/org/springframework/spring-tx/6.1.3/spring-tx-6.1.3.jar:/Users/jivnesh/.m2/repository/org/springframework/spring-beans/6.1.3/spring-beans-6.1.3.jar:/Users/jivnesh/.m2/repository/jakarta/annotation/jakarta.annotation-api/2.1.1/jakarta.annotation-api-2.1.1.jar:/Users/jivnesh/.m2/repository/org/slf4j/slf4j-api/2.0.11/slf4j-api-2.0.11.jar:/Users/jivnesh/.m2/repository/org/springframework/spring-aspects/6.1.3/spring-aspects-6.1.3.jar:/Users/jivnesh/.m2/repository/org/springframework/boot/spring-boot-starter-web/3.3.0-M1/spring-boot-starter-web-3.3.0-M1.jar:/Users/jivnesh/.m2/repository/org/springframework/boot/spring-boot-starter/3.3.0-M1/spring-boot-starter-3.3.0-M1.jar:/Users/jivnesh/.m2/repository/org/springframework/boot/spring-boot/3.3.0-M1/spring-boot-3.3.0-M1.jar:/Users/jivnesh/.m2/repository/org/springframework/boot/spring-boot-autoconfigure/3.3.0-M1/spring-boot-autoconfigure-3.3.0-M1.jar:/Users/jivnesh/.m2/repository/org/springframework/boot/spring-boot-starter-logging/3.3.0-M1/spring-boot-starter-logging-3.3.0-M1.jar:/Users/jivnesh/.m2/repository/ch/qos/logback/logback-classic/1.4.14/logback-classic-1.4.14.jar:/Users/jivnesh/.m2/repository/ch/qos/logback/logback-core/1.4.14/logback-core-1.4.14.jar:/Users/jivnesh/.m2/repository/org/apache/logging/log4j/log4j-to-slf4j/2.22.1/log4j-to-slf4j-2.22.1.jar:/Users/jivnesh/.m2/repository/org/apache/logging/log4j/log4j-api/2.22.1/log4j-api-2.22.1.jar:/Users/jivnesh/.m2/repository/org/slf4j/jul-to-slf4j/2.0.11/jul-to-slf4j-2.0.11.jar:/Users/jivnesh/.m2/repository/org/yaml/snakeyaml/2.2/snakeyaml-2.2.jar:/Users/jivnesh/.m2/repository/org/springframework/boot/spring-boot-starter-json/3.3.0-M1/spring-boot-starter-json-3.3.0-M1.jar:/Users/jivnesh/.m2/repository/com/fasterxml/jackson/core/jackson-databind/2.16.1/jackson-databind-2.16.1.jar:/Users/jivnesh/.m2/repository/com/fasterxml/jackson/core/jackson-annotations/2.16.1/jackson-annotations-2.16.1.jar:/Users/jivnesh/.m2/repository/com/fasterxml/jackson/core/jackson-core/2.16.1/jackson-core-2.16.1.jar:/Users/jivnesh/.m2/repository/com/fasterxml/jackson/datatype/jackson-datatype-jdk8/2.16.1/jackson-datatype-jdk8-2.16.1.jar:/Users/jivnesh/.m2/repository/com/fasterxml/jackson/datatype/jackson-datatype-jsr310/2.16.1/jackson-datatype-jsr310-2.16.1.jar:/Users/jivnesh/.m2/repository/com/fasterxml/jackson/module/jackson-module-parameter-names/2.16.1/jackson-module-parameter-names-2.16.1.jar:/Users/jivnesh/.m2/repository/org/springframework/boot/spring-boot-starter-tomcat/3.3.0-M1/spring-boot-starter-tomcat-3.3.0-M1.jar:/Users/jivnesh/.m2/repository/org/apache/tomcat/embed/tomcat-embed-core/10.1.18/tomcat-embed-core-10.1.18.jar:/Users/jivnesh/.m2/repository/org/apache/tomcat/embed/tomcat-embed-el/10.1.18/tomcat-embed-el-10.1.18.jar:/Users/jivnesh/.m2/repository/org/apache/tomcat/embed/tomcat-embed-websocket/10.1.18/tomcat-embed-websocket-10.1.18.jar:/Users/jivnesh/.m2/repository/org/springframework/spring-web/6.1.3/spring-web-6.1.3.jar:/Users/jivnesh/.m2/repository/io/micrometer/micrometer-observation/1.12.2/micrometer-observation-1.12.2.jar:/Users/jivnesh/.m2/repository/io/micrometer/micrometer-commons/1.12.2/micrometer-commons-1.12.2.jar:/Users/jivnesh/.m2/repository/org/springframework/spring-webmvc/6.1.3/spring-webmvc-6.1.3.jar:/Users/jivnesh/.m2/repository/org/springframework/spring-expression/6.1.3/spring-expression-6.1.3.jar:/Users/jivnesh/.m2/repository/com/mysql/mysql-connector-j/8.3.0/mysql-connector-j-8.3.0.jar:/Users/jivnesh/.m2/repository/org/projectlombok/lombok/1.18.30/lombok-1.18.30.jar:/Users/jivnesh/.m2/repository/org/springframework/boot/spring-boot-starter-test/3.3.0-M1/spring-boot-starter-test-3.3.0-M1.jar:/Users/jivnesh/.m2/repository/org/springframework/boot/spring-boot-test/3.3.0-M1/spring-boot-test-3.3.0-M1.jar:/Users/jivnesh/.m2/repository/org/springframework/boot/spring-boot-test-autoconfigure/3.3.0-M1/spring-boot-test-autoconfigure-3.3.0-M1.jar:/Users/jivnesh/.m2/repository/com/jayway/jsonpath/json-path/2.8.0/json-path-2.8.0.jar:/Users/jivnesh/.m2/repository/jakarta/xml/bind/jakarta.xml.bind-api/4.0.1/jakarta.xml.bind-api-4.0.1.jar:/Users/jivnesh/.m2/repository/jakarta/activation/jakarta.activation-api/2.1.2/jakarta.activation-api-2.1.2.jar:/Users/jivnesh/.m2/repository/net/minidev/json-smart/2.5.0/json-smart-2.5.0.jar:/Users/jivnesh/.m2/repository/net/minidev/accessors-smart/2.5.0/accessors-smart-2.5.0.jar:/Users/jivnesh/.m2/repository/org/ow2/asm/asm/9.3/asm-9.3.jar:/Users/jivnesh/.m2/repository/org/assertj/assertj-core/3.25.1/assertj-core-3.25.1.jar:/Users/jivnesh/.m2/repository/org/awaitility/awaitility/4.2.0/awaitility-4.2.0.jar:/Users/jivnesh/.m2/repository/org/hamcrest/hamcrest/2.2/hamcrest-2.2.jar:/Users/jivnesh/.m2/repository/org/junit/jupiter/junit-jupiter/5.10.1/junit-jupiter-5.10.1.jar:/Users/jivnesh/.m2/repository/org/junit/jupiter/junit-jupiter-api/5.10.1/junit-jupiter-api-5.10.1.jar:/Users/jivnesh/.m2/repository/org/opentest4j/opentest4j/1.3.0/opentest4j-1.3.0.jar:/Users/jivnesh/.m2/repository/org/junit/platform/junit-platform-commons/1.10.1/junit-platform-commons-1.10.1.jar:/Users/jivnesh/.m2/repository/org/apiguardian/apiguardian-api/1.1.2/apiguardian-api-1.1.2.jar:/Users/jivnesh/.m2/repository/org/junit/jupiter/junit-jupiter-params/5.10.1/junit-jupiter-params-5.10.1.jar:/Users/jivnesh/.m2/repository/org/junit/jupiter/junit-jupiter-engine/5.10.1/junit-jupiter-engine-5.10.1.jar:/Users/jivnesh/.m2/repository/org/junit/platform/junit-platform-engine/1.10.1/junit-platform-engine-1.10.1.jar:/Users/jivnesh/.m2/repository/org/mockito/mockito-core/5.9.0/mockito-core-5.9.0.jar:/Users/jivnesh/.m2/repository/net/bytebuddy/byte-buddy-agent/1.14.11/byte-buddy-agent-1.14.11.jar:/Users/jivnesh/.m2/repository/org/objenesis/objenesis/3.3/objenesis-3.3.jar:/Users/jivnesh/.m2/repository/org/mockito/mockito-junit-jupiter/5.9.0/mockito-junit-jupiter-5.9.0.jar:/Users/jivnesh/.m2/repository/org/skyscreamer/jsonassert/1.5.1/jsonassert-1.5.1.jar:/Users/jivnesh/.m2/repository/com/vaadin/external/google/android-json/0.0.20131108.vaadin1/android-json-0.0.20131108.vaadin1.jar:/Users/jivnesh/.m2/repository/org/springframework/spring-core/6.1.3/spring-core-6.1.3.jar:/Users/jivnesh/.m2/repository/org/springframework/spring-jcl/6.1.3/spring-jcl-6.1.3.jar:/Users/jivnesh/.m2/repository/org/springframework/spring-test/6.1.3/spring-test-6.1.3.jar:/Users/jivnesh/.m2/repository/org/xmlunit/xmlunit-core/2.9.1/xmlunit-core-2.9.1.jar:"/>
    <property name="sun.cpu.endian" value="little"/>
    <property name="user.home" value="/Users/jivnesh"/>
    <property name="user.language" value="en"/>
    <property name="java.specification.vendor" value="Oracle Corporation"/>
    <property name="java.version.date" value="2023-01-17"/>
    <property name="java.home" value="/Applications/SpringToolSuite4.app/Contents/Eclipse/plugins/org.eclipse.justj.openjdk.hotspot.jre.full.macosx.x86_64_17.0.6.v20230204-1729/jre"/>
    <property name="file.separator" value="/"/>
    <property name="style.color" value="always"/>
    <property name="basedir" value="/Users/jivnesh/Desktop/Java/spring-data-jpa"/>
    <property name="java.vm.compressedOopsMode" value="Zero based"/>
    <property name="line.separator" value="&#10;"/>
    <property name="java.vm.specification.vendor" value="Oracle Corporation"/>
    <property name="java.specification.name" value="Java Platform API Specification"/>
    <property name="FILE_LOG_CHARSET" value="UTF-8"/>
    <property name="java.awt.headless" value="true"/>
    <property name="surefire.real.class.path" value="/Users/jivnesh/Desktop/Java/spring-data-jpa/target/surefire/surefirebooter-20240302205407894_3.jar"/>
    <property name="sun.management.compiler" value="HotSpot 64-Bit Tiered Compilers"/>
    <property name="ftp.nonProxyHosts" value="local|*.local|169.254/16|*.169.254/16"/>
    <property name="java.runtime.version" value="17.0.6+10"/>
    <property name="user.name" value="jivnesh"/>
    <property name="path.separator" value=":"/>
    <property name="os.version" value="12.7.2"/>
    <property name="java.runtime.name" value="OpenJDK Runtime Environment"/>
    <property name="file.encoding" value="UTF-8"/>
    <property name="java.vm.name" value="OpenJDK 64-Bit Server VM"/>
    <property name="java.vendor.version" value="Temurin-17.0.6+10"/>
    <property name="localRepository" value="/Users/jivnesh/.m2/repository"/>
    <property name="java.vendor.url.bug" value="https://github.com/adoptium/adoptium-support/issues"/>
    <property name="java.io.tmpdir" value="/var/folders/rf/rpfhmt417339m_rzfhl136xh0000gn/T/"/>
    <property name="com.zaxxer.hikari.pool_number" value="1"/>
    <property name="java.version" value="17.0.6"/>
    <property name="user.dir" value="/Users/jivnesh/Desktop/Java/spring-data-jpa"/>
    <property name="os.arch" value="x86_64"/>
    <property name="java.vm.specification.name" value="Java Virtual Machine Specification"/>
    <property name="PID" value="41854"/>
    <property name="CONSOLE_LOG_CHARSET" value="UTF-8"/>
    <property name="native.encoding" value="UTF-8"/>
    <property name="java.library.path" value="/Users/jivnesh/Library/Java/Extensions:/Library/Java/Extensions:/Network/Library/Java/Extensions:/System/Library/Java/Extensions:/usr/lib/java:."/>
    <property name="java.vm.info" value="mixed mode"/>
    <property name="java.vendor" value="Eclipse Adoptium"/>
    <property name="java.vm.version" value="17.0.6+10"/>
    <property name="sun.io.unicode.encoding" value="UnicodeBig"/>
    <property name="socksNonProxyHosts" value="local|*.local|169.254/16|*.169.254/16"/>
    <property name="java.class.version" value="61.0"/>
  </properties>
  <testcase name="printStudentWhereLastNameNotNull" classname="com.spring.data.jpa.StudentRepositoryTest" time="0.165">
    <system-out><![CDATA[2024-03-02T20:54:18.405+05:30  INFO 41854 --- [           main] t.c.s.AnnotationConfigContextLoaderUtils : Could not detect default configuration classes for test class [com.spring.data.jpa.StudentRepositoryTest]: StudentRepositoryTest does not declare any static, non-private, non-final, nested classes annotated with @Configuration.
2024-03-02T20:54:18.408+05:30  INFO 41854 --- [           main] .b.t.c.SpringBootTestContextBootstrapper : Found @SpringBootConfiguration com.spring.data.jpa.SpringDataJpaApplication for test class com.spring.data.jpa.StudentRepositoryTest
Hibernate: select s1_0.student_id,s1_0.email_address,s1_0.first_name,s1_0.guardian_email,s1_0.guardian_mobile,s1_0.guardian_name,s1_0.last_name from tbl_student s1_0 where s1_0.last_name is not null
Student  = Student [studentId=1, firstName=Rajendra, lastName=Sharma, guardian=Guardian [name=Nikhil Sharma, email=nikhil@gmail.com, mobileNumber=9999999999], emailId=raj@gmail.com]
Student  = Student [studentId=5, firstName=Shivam, lastName=Kumar, guardian=Guardian [name=Nikhil, email=Nikhil@gmail.com, mobileNumber=9999999999], emailId=Shivan@gmail.com]
Student  = Student [studentId=8, firstName=Ankit, lastName=, guardian=null, emailId=Ankit@gmail.com]
]]></system-out>
  </testcase>
  <testcase name="printGetStudentByEmailAddress" classname="com.spring.data.jpa.StudentRepositoryTest" time="0.032">
    <system-out><![CDATA[Hibernate: select s1_0.student_id,s1_0.email_address,s1_0.first_name,s1_0.guardian_email,s1_0.guardian_mobile,s1_0.guardian_name,s1_0.last_name from tbl_student s1_0 where s1_0.email_address=?
Student [studentId=1, firstName=Rajendra, lastName=Sharma, guardian=Guardian [name=Nikhil Sharma, email=nikhil@gmail.com, mobileNumber=9999999999], emailId=raj@gmail.com]
]]></system-out>
  </testcase>
  <testcase name="saveStudent" classname="com.spring.data.jpa.StudentRepositoryTest" time="0.055">
    <error message="could not execute statement [Duplicate entry &apos;Ankit@gmail.com&apos; for key &apos;tbl_student.email_unique&apos;] [insert into tbl_student (email_address,first_name,guardian_email,guardian_mobile,guardian_name,last_name,student_id) values (?,?,?,?,?,?,?)]; SQL [insert into tbl_student (email_address,first_name,guardian_email,guardian_mobile,guardian_name,last_name,student_id) values (?,?,?,?,?,?,?)]; constraint [tbl_student.email_unique]" type="org.springframework.dao.DataIntegrityViolationException"><![CDATA[org.springframework.dao.DataIntegrityViolationException: could not execute statement [Duplicate entry 'Ankit@gmail.com' for key 'tbl_student.email_unique'] [insert into tbl_student (email_address,first_name,guardian_email,guardian_mobile,guardian_name,last_name,student_id) values (?,?,?,?,?,?,?)]; SQL [insert into tbl_student (email_address,first_name,guardian_email,guardian_mobile,guardian_name,last_name,student_id) values (?,?,?,?,?,?,?)]; constraint [tbl_student.email_unique]
	at org.springframework.orm.jpa.vendor.HibernateJpaDialect.convertHibernateAccessException(HibernateJpaDialect.java:290)
	at org.springframework.orm.jpa.vendor.HibernateJpaDialect.translateExceptionIfPossible(HibernateJpaDialect.java:241)
	at org.springframework.orm.jpa.JpaTransactionManager.doCommit(JpaTransactionManager.java:565)
	at org.springframework.transaction.support.AbstractPlatformTransactionManager.processCommit(AbstractPlatformTransactionManager.java:794)
	at org.springframework.transaction.support.AbstractPlatformTransactionManager.commit(AbstractPlatformTransactionManager.java:757)
	at org.springframework.transaction.interceptor.TransactionAspectSupport.commitTransactionAfterReturning(TransactionAspectSupport.java:669)
	at org.springframework.transaction.interceptor.TransactionAspectSupport.invokeWithinTransaction(TransactionAspectSupport.java:419)
	at org.springframework.transaction.interceptor.TransactionInterceptor.invoke(TransactionInterceptor.java:119)
	at org.springframework.aop.framework.ReflectiveMethodInvocation.proceed(ReflectiveMethodInvocation.java:184)
	at org.springframework.dao.support.PersistenceExceptionTranslationInterceptor.invoke(PersistenceExceptionTranslationInterceptor.java:137)
	at org.springframework.aop.framework.ReflectiveMethodInvocation.proceed(ReflectiveMethodInvocation.java:184)
	at org.springframework.data.jpa.repository.support.CrudMethodMetadataPostProcessor$CrudMethodMetadataPopulatingMethodInterceptor.invoke(CrudMethodMetadataPostProcessor.java:164)
	at org.springframework.aop.framework.ReflectiveMethodInvocation.proceed(ReflectiveMethodInvocation.java:184)
	at org.springframework.aop.interceptor.ExposeInvocationInterceptor.invoke(ExposeInvocationInterceptor.java:97)
	at org.springframework.aop.framework.ReflectiveMethodInvocation.proceed(ReflectiveMethodInvocation.java:184)
	at org.springframework.aop.framework.JdkDynamicAopProxy.invoke(JdkDynamicAopProxy.java:220)
	at jdk.proxy2/jdk.proxy2.$Proxy126.save(Unknown Source)
	at com.spring.data.jpa.StudentRepositoryTest.saveStudent(StudentRepositoryTest.java:27)
	at java.base/java.lang.reflect.Method.invoke(Method.java:568)
	at java.base/java.util.ArrayList.forEach(ArrayList.java:1511)
	at java.base/java.util.ArrayList.forEach(ArrayList.java:1511)
Caused by: org.hibernate.exception.ConstraintViolationException: could not execute statement [Duplicate entry 'Ankit@gmail.com' for key 'tbl_student.email_unique'] [insert into tbl_student (email_address,first_name,guardian_email,guardian_mobile,guardian_name,last_name,student_id) values (?,?,?,?,?,?,?)]
	at org.hibernate.exception.internal.SQLExceptionTypeDelegate.convert(SQLExceptionTypeDelegate.java:62)
	at org.hibernate.exception.internal.StandardSQLExceptionConverter.convert(StandardSQLExceptionConverter.java:58)
	at org.hibernate.engine.jdbc.spi.SqlExceptionHelper.convert(SqlExceptionHelper.java:108)
	at org.hibernate.engine.jdbc.internal.ResultSetReturnImpl.executeUpdate(ResultSetReturnImpl.java:197)
	at org.hibernate.engine.jdbc.mutation.internal.AbstractMutationExecutor.performNonBatchedMutation(AbstractMutationExecutor.java:107)
	at org.hibernate.engine.jdbc.mutation.internal.MutationExecutorSingleNonBatched.performNonBatchedOperations(MutationExecutorSingleNonBatched.java:40)
	at org.hibernate.engine.jdbc.mutation.internal.AbstractMutationExecutor.execute(AbstractMutationExecutor.java:52)
	at org.hibernate.persister.entity.mutation.InsertCoordinator.doStaticInserts(InsertCoordinator.java:175)
	at org.hibernate.persister.entity.mutation.InsertCoordinator.coordinateInsert(InsertCoordinator.java:113)
	at org.hibernate.persister.entity.AbstractEntityPersister.insert(AbstractEntityPersister.java:2873)
	at org.hibernate.action.internal.EntityInsertAction.execute(EntityInsertAction.java:104)
	at org.hibernate.engine.spi.ActionQueue.executeActions(ActionQueue.java:632)
	at org.hibernate.engine.spi.ActionQueue.executeActions(ActionQueue.java:499)
	at org.hibernate.event.internal.AbstractFlushingEventListener.performExecutions(AbstractFlushingEventListener.java:363)
	at org.hibernate.event.internal.DefaultFlushEventListener.onFlush(DefaultFlushEventListener.java:41)
	at org.hibernate.event.service.internal.EventListenerGroupImpl.fireEventOnEachListener(EventListenerGroupImpl.java:127)
	at org.hibernate.internal.SessionImpl.doFlush(SessionImpl.java:1423)
	at org.hibernate.internal.SessionImpl.managedFlush(SessionImpl.java:504)
	at org.hibernate.internal.SessionImpl.flushBeforeTransactionCompletion(SessionImpl.java:2339)
	at org.hibernate.internal.SessionImpl.beforeTransactionCompletion(SessionImpl.java:1996)
	at org.hibernate.engine.jdbc.internal.JdbcCoordinatorImpl.beforeTransactionCompletion(JdbcCoordinatorImpl.java:439)
	at org.hibernate.resource.transaction.backend.jdbc.internal.JdbcResourceLocalTransactionCoordinatorImpl.beforeCompletionCallback(JdbcResourceLocalTransactionCoordinatorImpl.java:169)
	at org.hibernate.resource.transaction.backend.jdbc.internal.JdbcResourceLocalTransactionCoordinatorImpl$TransactionDriverControlImpl.commit(JdbcResourceLocalTransactionCoordinatorImpl.java:267)
	at org.hibernate.engine.transaction.internal.TransactionImpl.commit(TransactionImpl.java:101)
	at org.springframework.orm.jpa.JpaTransactionManager.doCommit(JpaTransactionManager.java:561)
	... 18 more
Caused by: java.sql.SQLIntegrityConstraintViolationException: Duplicate entry 'Ankit@gmail.com' for key 'tbl_student.email_unique'
	at com.mysql.cj.jdbc.exceptions.SQLError.createSQLException(SQLError.java:118)
	at com.mysql.cj.jdbc.exceptions.SQLExceptionsMapping.translateException(SQLExceptionsMapping.java:122)
	at com.mysql.cj.jdbc.ClientPreparedStatement.executeInternal(ClientPreparedStatement.java:912)
	at com.mysql.cj.jdbc.ClientPreparedStatement.executeUpdateInternal(ClientPreparedStatement.java:1054)
	at com.mysql.cj.jdbc.ClientPreparedStatement.executeUpdateInternal(ClientPreparedStatement.java:1003)
	at com.mysql.cj.jdbc.ClientPreparedStatement.executeLargeUpdate(ClientPreparedStatement.java:1312)
	at com.mysql.cj.jdbc.ClientPreparedStatement.executeUpdate(ClientPreparedStatement.java:988)
	at com.zaxxer.hikari.pool.ProxyPreparedStatement.executeUpdate(ProxyPreparedStatement.java:61)
	at com.zaxxer.hikari.pool.HikariProxyPreparedStatement.executeUpdate(HikariProxyPreparedStatement.java)
	at org.hibernate.engine.jdbc.internal.ResultSetReturnImpl.executeUpdate(ResultSetReturnImpl.java:194)
	... 39 more
]]></error>
    <system-out><![CDATA[Hibernate: select next_val as id_val from student_sequence for update
Hibernate: update student_sequence set next_val= ? where next_val=?
Hibernate: insert into tbl_student (email_address,first_name,guardian_email,guardian_mobile,guardian_name,last_name,student_id) values (?,?,?,?,?,?,?)
2024-03-02T20:54:18.654+05:30  WARN 41854 --- [           main] o.h.engine.jdbc.spi.SqlExceptionHelper   : SQL Error: 1062, SQLState: 23000
2024-03-02T20:54:18.654+05:30 ERROR 41854 --- [           main] o.h.engine.jdbc.spi.SqlExceptionHelper   : Duplicate entry 'Ankit@gmail.com' for key 'tbl_student.email_unique'
]]></system-out>
  </testcase>
  <testcase name="printAllStudent" classname="com.spring.data.jpa.StudentRepositoryTest" time="0.015">
    <system-out><![CDATA[Hibernate: select s1_0.student_id,s1_0.email_address,s1_0.first_name,s1_0.guardian_email,s1_0.guardian_mobile,s1_0.guardian_name,s1_0.last_name from tbl_student s1_0
[Student [studentId=1, firstName=Rajendra, lastName=Sharma, guardian=Guardian [name=Nikhil Sharma, email=nikhil@gmail.com, mobileNumber=9999999999], emailId=raj@gmail.com], Student [studentId=5, firstName=Shivam, lastName=Kumar, guardian=Guardian [name=Nikhil, email=Nikhil@gmail.com, mobileNumber=9999999999], emailId=Shivan@gmail.com], Student [studentId=8, firstName=Ankit, lastName=, guardian=null, emailId=Ankit@gmail.com]]
]]></system-out>
  </testcase>
  <testcase name="updateStudentNameByEmailIdTest" classname="com.spring.data.jpa.StudentRepositoryTest" time="0.042">
    <system-out><![CDATA[Hibernate: update tbl_student set first_name =? where email_address=?
]]></system-out>
  </testcase>
  <testcase name="saveStudentWithGuardian" classname="com.spring.data.jpa.StudentRepositoryTest" time="0.024">
    <error message="could not execute statement [Duplicate entry &apos;Shivan@gmail.com&apos; for key &apos;tbl_student.email_unique&apos;] [insert into tbl_student (email_address,first_name,guardian_email,guardian_mobile,guardian_name,last_name,student_id) values (?,?,?,?,?,?,?)]; SQL [insert into tbl_student (email_address,first_name,guardian_email,guardian_mobile,guardian_name,last_name,student_id) values (?,?,?,?,?,?,?)]; constraint [tbl_student.email_unique]" type="org.springframework.dao.DataIntegrityViolationException"><![CDATA[org.springframework.dao.DataIntegrityViolationException: could not execute statement [Duplicate entry 'Shivan@gmail.com' for key 'tbl_student.email_unique'] [insert into tbl_student (email_address,first_name,guardian_email,guardian_mobile,guardian_name,last_name,student_id) values (?,?,?,?,?,?,?)]; SQL [insert into tbl_student (email_address,first_name,guardian_email,guardian_mobile,guardian_name,last_name,student_id) values (?,?,?,?,?,?,?)]; constraint [tbl_student.email_unique]
	at org.springframework.orm.jpa.vendor.HibernateJpaDialect.convertHibernateAccessException(HibernateJpaDialect.java:290)
	at org.springframework.orm.jpa.vendor.HibernateJpaDialect.translateExceptionIfPossible(HibernateJpaDialect.java:241)
	at org.springframework.orm.jpa.JpaTransactionManager.doCommit(JpaTransactionManager.java:565)
	at org.springframework.transaction.support.AbstractPlatformTransactionManager.processCommit(AbstractPlatformTransactionManager.java:794)
	at org.springframework.transaction.support.AbstractPlatformTransactionManager.commit(AbstractPlatformTransactionManager.java:757)
	at org.springframework.transaction.interceptor.TransactionAspectSupport.commitTransactionAfterReturning(TransactionAspectSupport.java:669)
	at org.springframework.transaction.interceptor.TransactionAspectSupport.invokeWithinTransaction(TransactionAspectSupport.java:419)
	at org.springframework.transaction.interceptor.TransactionInterceptor.invoke(TransactionInterceptor.java:119)
	at org.springframework.aop.framework.ReflectiveMethodInvocation.proceed(ReflectiveMethodInvocation.java:184)
	at org.springframework.dao.support.PersistenceExceptionTranslationInterceptor.invoke(PersistenceExceptionTranslationInterceptor.java:137)
	at org.springframework.aop.framework.ReflectiveMethodInvocation.proceed(ReflectiveMethodInvocation.java:184)
	at org.springframework.data.jpa.repository.support.CrudMethodMetadataPostProcessor$CrudMethodMetadataPopulatingMethodInterceptor.invoke(CrudMethodMetadataPostProcessor.java:164)
	at org.springframework.aop.framework.ReflectiveMethodInvocation.proceed(ReflectiveMethodInvocation.java:184)
	at org.springframework.aop.interceptor.ExposeInvocationInterceptor.invoke(ExposeInvocationInterceptor.java:97)
	at org.springframework.aop.framework.ReflectiveMethodInvocation.proceed(ReflectiveMethodInvocation.java:184)
	at org.springframework.aop.framework.JdkDynamicAopProxy.invoke(JdkDynamicAopProxy.java:220)
	at jdk.proxy2/jdk.proxy2.$Proxy126.save(Unknown Source)
	at com.spring.data.jpa.StudentRepositoryTest.saveStudentWithGuardian(StudentRepositoryTest.java:50)
	at java.base/java.lang.reflect.Method.invoke(Method.java:568)
	at java.base/java.util.ArrayList.forEach(ArrayList.java:1511)
	at java.base/java.util.ArrayList.forEach(ArrayList.java:1511)
Caused by: org.hibernate.exception.ConstraintViolationException: could not execute statement [Duplicate entry 'Shivan@gmail.com' for key 'tbl_student.email_unique'] [insert into tbl_student (email_address,first_name,guardian_email,guardian_mobile,guardian_name,last_name,student_id) values (?,?,?,?,?,?,?)]
	at org.hibernate.exception.internal.SQLExceptionTypeDelegate.convert(SQLExceptionTypeDelegate.java:62)
	at org.hibernate.exception.internal.StandardSQLExceptionConverter.convert(StandardSQLExceptionConverter.java:58)
	at org.hibernate.engine.jdbc.spi.SqlExceptionHelper.convert(SqlExceptionHelper.java:108)
	at org.hibernate.engine.jdbc.internal.ResultSetReturnImpl.executeUpdate(ResultSetReturnImpl.java:197)
	at org.hibernate.engine.jdbc.mutation.internal.AbstractMutationExecutor.performNonBatchedMutation(AbstractMutationExecutor.java:107)
	at org.hibernate.engine.jdbc.mutation.internal.MutationExecutorSingleNonBatched.performNonBatchedOperations(MutationExecutorSingleNonBatched.java:40)
	at org.hibernate.engine.jdbc.mutation.internal.AbstractMutationExecutor.execute(AbstractMutationExecutor.java:52)
	at org.hibernate.persister.entity.mutation.InsertCoordinator.doStaticInserts(InsertCoordinator.java:175)
	at org.hibernate.persister.entity.mutation.InsertCoordinator.coordinateInsert(InsertCoordinator.java:113)
	at org.hibernate.persister.entity.AbstractEntityPersister.insert(AbstractEntityPersister.java:2873)
	at org.hibernate.action.internal.EntityInsertAction.execute(EntityInsertAction.java:104)
	at org.hibernate.engine.spi.ActionQueue.executeActions(ActionQueue.java:632)
	at org.hibernate.engine.spi.ActionQueue.executeActions(ActionQueue.java:499)
	at org.hibernate.event.internal.AbstractFlushingEventListener.performExecutions(AbstractFlushingEventListener.java:363)
	at org.hibernate.event.internal.DefaultFlushEventListener.onFlush(DefaultFlushEventListener.java:41)
	at org.hibernate.event.service.internal.EventListenerGroupImpl.fireEventOnEachListener(EventListenerGroupImpl.java:127)
	at org.hibernate.internal.SessionImpl.doFlush(SessionImpl.java:1423)
	at org.hibernate.internal.SessionImpl.managedFlush(SessionImpl.java:504)
	at org.hibernate.internal.SessionImpl.flushBeforeTransactionCompletion(SessionImpl.java:2339)
	at org.hibernate.internal.SessionImpl.beforeTransactionCompletion(SessionImpl.java:1996)
	at org.hibernate.engine.jdbc.internal.JdbcCoordinatorImpl.beforeTransactionCompletion(JdbcCoordinatorImpl.java:439)
	at org.hibernate.resource.transaction.backend.jdbc.internal.JdbcResourceLocalTransactionCoordinatorImpl.beforeCompletionCallback(JdbcResourceLocalTransactionCoordinatorImpl.java:169)
	at org.hibernate.resource.transaction.backend.jdbc.internal.JdbcResourceLocalTransactionCoordinatorImpl$TransactionDriverControlImpl.commit(JdbcResourceLocalTransactionCoordinatorImpl.java:267)
	at org.hibernate.engine.transaction.internal.TransactionImpl.commit(TransactionImpl.java:101)
	at org.springframework.orm.jpa.JpaTransactionManager.doCommit(JpaTransactionManager.java:561)
	... 18 more
Caused by: java.sql.SQLIntegrityConstraintViolationException: Duplicate entry 'Shivan@gmail.com' for key 'tbl_student.email_unique'
	at com.mysql.cj.jdbc.exceptions.SQLError.createSQLException(SQLError.java:118)
	at com.mysql.cj.jdbc.exceptions.SQLExceptionsMapping.translateException(SQLExceptionsMapping.java:122)
	at com.mysql.cj.jdbc.ClientPreparedStatement.executeInternal(ClientPreparedStatement.java:912)
	at com.mysql.cj.jdbc.ClientPreparedStatement.executeUpdateInternal(ClientPreparedStatement.java:1054)
	at com.mysql.cj.jdbc.ClientPreparedStatement.executeUpdateInternal(ClientPreparedStatement.java:1003)
	at com.mysql.cj.jdbc.ClientPreparedStatement.executeLargeUpdate(ClientPreparedStatement.java:1312)
	at com.mysql.cj.jdbc.ClientPreparedStatement.executeUpdate(ClientPreparedStatement.java:988)
	at com.zaxxer.hikari.pool.ProxyPreparedStatement.executeUpdate(ProxyPreparedStatement.java:61)
	at com.zaxxer.hikari.pool.HikariProxyPreparedStatement.executeUpdate(HikariProxyPreparedStatement.java)
	at org.hibernate.engine.jdbc.internal.ResultSetReturnImpl.executeUpdate(ResultSetReturnImpl.java:194)
	... 39 more
]]></error>
    <system-out><![CDATA[Hibernate: select next_val as id_val from student_sequence for update
Hibernate: update student_sequence set next_val= ? where next_val=?
Hibernate: insert into tbl_student (email_address,first_name,guardian_email,guardian_mobile,guardian_name,last_name,student_id) values (?,?,?,?,?,?,?)
2024-03-02T20:54:18.757+05:30  WARN 41854 --- [           main] o.h.engine.jdbc.spi.SqlExceptionHelper   : SQL Error: 1062, SQLState: 23000
2024-03-02T20:54:18.757+05:30 ERROR 41854 --- [           main] o.h.engine.jdbc.spi.SqlExceptionHelper   : Duplicate entry 'Shivan@gmail.com' for key 'tbl_student.email_unique'
]]></system-out>
  </testcase>
  <testcase name="printGetStudentFirstNameByEmailAddress" classname="com.spring.data.jpa.StudentRepositoryTest" time="0.014">
    <system-out><![CDATA[Hibernate: select s1_0.first_name from tbl_student s1_0 where s1_0.email_address=?
Rajendra
]]></system-out>
  </testcase>
  <testcase name="printStudentByFirstName" classname="com.spring.data.jpa.StudentRepositoryTest" time="0.018">
    <system-out><![CDATA[Hibernate: select s1_0.student_id,s1_0.email_address,s1_0.first_name,s1_0.guardian_email,s1_0.guardian_mobile,s1_0.guardian_name,s1_0.last_name from tbl_student s1_0 where s1_0.first_name=?
Students --->  [Student [studentId=5, firstName=Shivam, lastName=Kumar, guardian=Guardian [name=Nikhil, email=Nikhil@gmail.com, mobileNumber=9999999999], emailId=Shivan@gmail.com]]
]]></system-out>
  </testcase>
  <testcase name="printGetStudentByEmailAddressNative" classname="com.spring.data.jpa.StudentRepositoryTest" time="0.081">
    <system-out><![CDATA[Hibernate: select * from tbl_student s where s.email_address=?
Student [studentId=1, firstName=Rajendra, lastName=Sharma, guardian=Guardian [name=Nikhil Sharma, email=nikhil@gmail.com, mobileNumber=9999999999], emailId=raj@gmail.com]
]]></system-out>
  </testcase>
  <testcase name="printStudentByFirstNameContaining" classname="com.spring.data.jpa.StudentRepositoryTest" time="0.016">
    <system-out><![CDATA[Hibernate: select s1_0.student_id,s1_0.email_address,s1_0.first_name,s1_0.guardian_email,s1_0.guardian_mobile,s1_0.guardian_name,s1_0.last_name from tbl_student s1_0 where s1_0.first_name like ? escape '\\'
[Student [studentId=5, firstName=Shivam, lastName=Kumar, guardian=Guardian [name=Nikhil, email=Nikhil@gmail.com, mobileNumber=9999999999], emailId=Shivan@gmail.com]]
]]></system-out>
  </testcase>
</testsuite>